c:\users\6629407\desktop\lighthouse\lighthouse2\lib\pathfinding\x64\release\pathfinding.pdb
c:\users\6629407\desktop\lighthouse\lighthouse2\lib\pathfinding\x64\release\detourcommon.obj
c:\users\6629407\desktop\lighthouse\lighthouse2\lib\pathfinding\x64\release\detourassert.obj
c:\users\6629407\desktop\lighthouse\lighthouse2\lib\pathfinding\x64\release\detouralloc.obj
c:\users\6629407\desktop\lighthouse\lighthouse2\lib\pathfinding\x64\release\detourtilecachebuilder.obj
c:\users\6629407\desktop\lighthouse\lighthouse2\lib\pathfinding\x64\release\detourtilecache.obj
c:\users\6629407\desktop\lighthouse\lighthouse2\lib\pathfinding\x64\release\detourproximitygrid.obj
c:\users\6629407\desktop\lighthouse\lighthouse2\lib\pathfinding\x64\release\detourpathqueue.obj
c:\users\6629407\desktop\lighthouse\lighthouse2\lib\pathfinding\x64\release\detourpathcorridor.obj
c:\users\6629407\desktop\lighthouse\lighthouse2\lib\pathfinding\x64\release\detourobstacleavoidance.obj
c:\users\6629407\desktop\lighthouse\lighthouse2\lib\pathfinding\x64\release\detourlocalboundary.obj
c:\users\6629407\desktop\lighthouse\lighthouse2\lib\pathfinding\x64\release\detourcrowd.obj
c:\users\6629407\desktop\lighthouse\lighthouse2\lib\pathfinding\x64\release\recastdump.obj
c:\users\6629407\desktop\lighthouse\lighthouse2\lib\pathfinding\x64\release\recastdebugdraw.obj
c:\users\6629407\desktop\lighthouse\lighthouse2\lib\pathfinding\x64\release\detourdebugdraw.obj
c:\users\6629407\desktop\lighthouse\lighthouse2\lib\pathfinding\x64\release\debugdraw.obj
c:\users\6629407\desktop\lighthouse\lighthouse2\lib\pathfinding\x64\release\navmesh_builder.obj
c:\users\6629407\desktop\lighthouse\lighthouse2\lib\pathfinding\x64\release\navmesh_navigator.obj
c:\users\6629407\desktop\lighthouse\lighthouse2\lib\pathfinding\x64\release\navmesh_shader.obj
c:\users\6629407\desktop\lighthouse\lighthouse2\lib\pathfinding\x64\release\navmesh_agents.obj
c:\users\6629407\desktop\lighthouse\lighthouse2\lib\pathfinding\x64\release\tinyxml2.obj
c:\users\6629407\desktop\lighthouse\lighthouse2\lib\pathfinding\x64\release\navmesh_config.obj
c:\users\6629407\desktop\lighthouse\lighthouse2\lib\pathfinding\x64\release\recastregion.obj
c:\users\6629407\desktop\lighthouse\lighthouse2\lib\pathfinding\x64\release\recastrasterization.obj
c:\users\6629407\desktop\lighthouse\lighthouse2\lib\pathfinding\x64\release\recastmeshdetail.obj
c:\users\6629407\desktop\lighthouse\lighthouse2\lib\pathfinding\x64\release\recastmesh.obj
c:\users\6629407\desktop\lighthouse\lighthouse2\lib\pathfinding\x64\release\recastlayers.obj
c:\users\6629407\desktop\lighthouse\lighthouse2\lib\pathfinding\x64\release\recastfilter.obj
c:\users\6629407\desktop\lighthouse\lighthouse2\lib\pathfinding\x64\release\recastcontour.obj
c:\users\6629407\desktop\lighthouse\lighthouse2\lib\pathfinding\x64\release\recastassert.obj
c:\users\6629407\desktop\lighthouse\lighthouse2\lib\pathfinding\x64\release\recastarea.obj
c:\users\6629407\desktop\lighthouse\lighthouse2\lib\pathfinding\x64\release\recastalloc.obj
c:\users\6629407\desktop\lighthouse\lighthouse2\lib\pathfinding\x64\release\recast.obj
c:\users\6629407\desktop\lighthouse\lighthouse2\lib\pathfinding\x64\release\detournode.obj
c:\users\6629407\desktop\lighthouse\lighthouse2\lib\pathfinding\x64\release\detournavmeshquery.obj
c:\users\6629407\desktop\lighthouse\lighthouse2\lib\pathfinding\x64\release\detournavmeshbuilder.obj
c:\users\6629407\desktop\lighthouse\lighthouse2\lib\pathfinding\x64\release\detournavmesh.obj
c:\users\6629407\desktop\lighthouse\lighthouse2\lib\pathfinding\lib\release\pathfinding.lib
c:\users\6629407\desktop\lighthouse\lighthouse2\lib\pathfinding\x64\release\pathfinding.tlog\cl.command.1.tlog
c:\users\6629407\desktop\lighthouse\lighthouse2\lib\pathfinding\x64\release\pathfinding.tlog\cl.read.1.tlog
c:\users\6629407\desktop\lighthouse\lighthouse2\lib\pathfinding\x64\release\pathfinding.tlog\cl.write.1.tlog
c:\users\6629407\desktop\lighthouse\lighthouse2\lib\pathfinding\x64\release\pathfinding.tlog\lib-link.read.1.tlog
c:\users\6629407\desktop\lighthouse\lighthouse2\lib\pathfinding\x64\release\pathfinding.tlog\lib-link.write.1.tlog
c:\users\6629407\desktop\lighthouse\lighthouse2\lib\pathfinding\x64\release\pathfinding.tlog\lib.command.1.tlog
